Resolved 157 packages in 2ms
Audited 148 packages in 62ms
/scratch/pbm52/emotion-detection-mm/multimodal-emotion-detection/.venv/lib/python3.10/site-packages/lightning_fabric/__init__.py:36: UserWarning: pkg_resources is deprecated as an API. See https://setuptools.pypa.io/en/latest/pkg_resources.html. The pkg_resources package is slated for removal as early as 2025-11-30. Refrain from using this package or pin to Setuptools<81.
  __import__("pkg_resources").declare_namespace(__name__)
[rank: 0] Global seed set to 42
/scratch/pbm52/emotion-detection-mm/multimodal-emotion-detection/.venv/lib/python3.10/site-packages/lightning_fabric/plugins/environments/slurm.py:165: PossibleUserWarning: The `srun` command is available on your system but is not used. HINT: If your intention is to run Lightning on SLURM, prepend your python command with `srun` like so: srun python3 src/train.py experiment.name=ravdess_audio_video_ba ...
  rank_zero_warn(
GPU available: True (cuda), used: True
TPU available: False, using: 0 TPU cores
IPU available: False, using: 0 IPUs
HPU available: False, using: 0 HPUs
/scratch/pbm52/emotion-detection-mm/multimodal-emotion-detection/.venv/lib/python3.10/site-packages/lightning_fabric/plugins/environments/slurm.py:165: PossibleUserWarning: The `srun` command is available on your system but is not used. HINT: If your intention is to run Lightning on SLURM, prepend your python command with `srun` like so: srun python3 src/train.py experiment.name=ravdess_audio_video_ba ...
  rank_zero_warn(
You are using a CUDA device ('NVIDIA GeForce RTX 3090') that has Tensor Cores. To properly utilize them, you should set `torch.set_float32_matmul_precision('medium' | 'high')` which will trade-off precision for performance. For more details, read https://pytorch.org/docs/stable/generated/torch.set_float32_matmul_precision.html#torch.set_float32_matmul_precision
/scratch/pbm52/emotion-detection-mm/multimodal-emotion-detection/.venv/lib/python3.10/site-packages/pytorch_lightning/callbacks/model_checkpoint.py:615: UserWarning: Checkpoint directory outputs/ravdess_audio_video_baseline/checkpoints exists and is not empty.
  rank_zero_warn(f"Checkpoint directory {dirpath} exists and is not empty.")
LOCAL_RANK: 0 - CUDA_VISIBLE_DEVICES: [0]

  | Name        | Type             | Params
-------------------------------------------------
0 | encoders    | ModuleDict       | 1.1 M 
1 | fusion_head | Sequential       | 67.8 K
2 | criterion   | CrossEntropyLoss | 0     
-------------------------------------------------
1.2 M     Trainable params
0         Non-trainable params
1.2 M     Total params
4.753     Total estimated model params size (MB)
/scratch/pbm52/emotion-detection-mm/multimodal-emotion-detection/.venv/lib/python3.10/site-packages/pytorch_lightning/loops/fit_loop.py:280: PossibleUserWarning: The number of training batches (36) is smaller than the logging interval Trainer(log_every_n_steps=50). Set a lower value for log_every_n_steps if you want to see logs for the training epoch.
  rank_zero_warn(
Metric val/loss improved. New best score: 2.069
Metric val/loss improved by 0.006 >= min_delta = 0.0. New best score: 2.062
Metric val/loss improved by 0.003 >= min_delta = 0.0. New best score: 2.059
Metric val/loss improved by 0.000 >= min_delta = 0.0. New best score: 2.059
Metric val/loss improved by 0.002 >= min_delta = 0.0. New best score: 2.057
Metric val/loss improved by 0.001 >= min_delta = 0.0. New best score: 2.055
Metric val/loss improved by 0.001 >= min_delta = 0.0. New best score: 2.054
Metric val/loss improved by 0.001 >= min_delta = 0.0. New best score: 2.054
Metric val/loss improved by 0.003 >= min_delta = 0.0. New best score: 2.051
Metric val/loss improved by 0.016 >= min_delta = 0.0. New best score: 2.035
Metric val/loss improved by 0.001 >= min_delta = 0.0. New best score: 2.033
Metric val/loss improved by 0.030 >= min_delta = 0.0. New best score: 2.003
Metric val/loss improved by 0.009 >= min_delta = 0.0. New best score: 1.994
Metric val/loss improved by 0.011 >= min_delta = 0.0. New best score: 1.983
Metric val/loss improved by 0.008 >= min_delta = 0.0. New best score: 1.976
Metric val/loss improved by 0.026 >= min_delta = 0.0. New best score: 1.950
Metric val/loss improved by 0.003 >= min_delta = 0.0. New best score: 1.947
Metric val/loss improved by 0.033 >= min_delta = 0.0. New best score: 1.914
Metric val/loss improved by 0.002 >= min_delta = 0.0. New best score: 1.912
Metric val/loss improved by 0.003 >= min_delta = 0.0. New best score: 1.909
Metric val/loss improved by 0.047 >= min_delta = 0.0. New best score: 1.862
Monitored metric val/loss did not improve in the last 15 records. Best score: 1.862. Signaling Trainer to stop.
You are using a CUDA device ('NVIDIA GeForce RTX 3090') that has Tensor Cores. To properly utilize them, you should set `torch.set_float32_matmul_precision('medium' | 'high')` which will trade-off precision for performance. For more details, read https://pytorch.org/docs/stable/generated/torch.set_float32_matmul_precision.html#torch.set_float32_matmul_precision
Restoring states from the checkpoint path at outputs/ravdess_audio_video_baseline/checkpoints/epoch=60-val/loss=1.8624.ckpt
LOCAL_RANK: 0 - CUDA_VISIBLE_DEVICES: [0]
Loaded model weights from the checkpoint at outputs/ravdess_audio_video_baseline/checkpoints/epoch=60-val/loss=1.8624.ckpt
