Resolved 157 packages in 4ms
   Building multimodal-emotion-detection @ file:///scratch/pbm52/emotion-detection-mm/multimodal-emotion-detection
Downloading botocore (13.8MiB)
 Downloaded botocore
      Built multimodal-emotion-detection @ file:///scratch/pbm52/emotion-detection-mm/multimodal-emotion-detection
Prepared 4 packages in 5.75s
warning: Failed to hardlink files; falling back to full copy. This may lead to degraded performance.
         If the cache and target directories are on different filesystems, hardlinking may not be supported.
         If this is intentional, set `export UV_LINK_MODE=copy` or use `--link-mode=copy` to suppress this warning.
Installed 148 packages in 35.00s
 + absl-py==2.3.1
 + aiohappyeyeballs==2.6.1
 + aiohttp==3.13.2
 + aiosignal==1.4.0
 + antlr4-python3-runtime==4.9.3
 + anyio==4.12.0
 + arrow==1.4.0
 + async-timeout==5.0.1
 + attrs==25.4.0
 + audioread==3.1.0
 + beautifulsoup4==4.14.3
 + blessed==1.25.0
 + boto3==1.42.1
 + botocore==1.42.1
 + cachetools==6.2.2
 + certifi==2025.11.12
 + cffi==2.0.0
 + charset-normalizer==3.4.4
 + click==8.3.1
 + cmake==4.2.0
 + contourpy==1.3.2
 + croniter==1.3.15
 + cycler==0.12.1
 + dateutils==0.6.12
 + decorator==5.2.1
 + deepdiff==7.0.1
 + editor==1.6.6
 + einops==0.6.1
 + exceptiongroup==1.3.1
 + fastapi==0.88.0
 + filelock==3.20.0
 + fonttools==4.61.0
 + frozenlist==1.8.0
 + fsspec==2023.12.2
 + google-auth==2.43.0
 + google-auth-oauthlib==1.0.0
 + grpcio==1.76.0
 + h11==0.16.0
 + h5py==3.9.0
 + hf-xet==1.2.0
 + httpcore==1.0.9
 + httpx==0.28.1
 + huggingface-hub==1.1.7
 + hydra-core==1.3.2
 + idna==3.11
 + inquirer==3.4.1
 + itsdangerous==2.2.0
 + jinja2==3.1.6
 + jmespath==1.0.1
 + joblib==1.5.2
 + kiwisolver==1.4.9
 + lazy-loader==0.4
 + librosa==0.10.1
 + lightning==2.0.3
 + lightning-cloud==0.5.70
 + lightning-utilities==0.15.2
 + lit==18.1.8
 + llvmlite==0.45.1
 + markdown==3.10
 + markdown-it-py==4.0.0
 + markupsafe==3.0.3
 + matplotlib==3.7.1
 + mdurl==0.1.2
 + mpmath==1.3.0
 + msgpack==1.1.2
 + multidict==6.7.0
 + multimodal-emotion-detection==0.1.0 (from file:///scratch/pbm52/emotion-detection-mm/multimodal-emotion-detection)
 + networkx==3.4.2
 + numba==0.62.1
 + numpy==1.24.3
 + nvidia-cublas-cu11==11.10.3.66
 + nvidia-cuda-cupti-cu11==11.7.101
 + nvidia-cuda-nvrtc-cu11==11.7.99
 + nvidia-cuda-runtime-cu11==11.7.99
 + nvidia-cudnn-cu11==8.5.0.96
 + nvidia-cufft-cu11==10.9.0.58
 + nvidia-curand-cu11==10.2.10.91
 + nvidia-cusolver-cu11==11.4.0.1
 + nvidia-cusparse-cu11==11.7.4.91
 + nvidia-nccl-cu11==2.14.3
 + nvidia-nvtx-cu11==11.7.91
 + oauthlib==3.3.1
 + omegaconf==2.3.0
 + opencv-python==4.8.1.78
 + ordered-set==4.1.0
 + packaging==24.2
 + pandas==2.0.2
 + pillow==12.0.0
 + platformdirs==4.5.0
 + pooch==1.8.2
 + propcache==0.4.1
 + protobuf==6.33.1
 + psutil==6.1.1
 + pyasn1==0.6.1
 + pyasn1-modules==0.4.2
 + pycparser==2.23
 + pydantic==1.10.24
 + pygments==2.19.2
 + pyjwt==2.10.1
 + pyparsing==3.2.5
 + python-dateutil==2.9.0.post0
 + python-multipart==0.0.20
 + pytorch-lightning==2.0.3
 + pytz==2025.2
 + pyyaml==6.0.3
 + readchar==4.2.1
 + requests==2.32.5
 + requests-oauthlib==2.0.0
 + rich==14.2.0
 + rsa==4.9.1
 + runs==1.2.2
 + s3transfer==0.16.0
 + safetensors==0.7.0
 + scikit-learn==1.2.2
 + scipy==1.10.1
 + seaborn==0.12.2
 + setuptools==80.9.0
 + shellingham==1.5.4
 + six==1.17.0
 + soundfile==0.13.1
 + soupsieve==2.8
 + soxr==0.5.0.post1
 + starlette==0.22.0
 + starsessions==1.3.0
 + sympy==1.14.0
 + tensorboard==2.13.0
 + tensorboard-data-server==0.7.2
 + threadpoolctl==3.6.0
 + timm==0.9.2
 + torch==2.0.1
 + torchaudio==2.0.2
 + torchmetrics==1.8.2
 + torchvision==0.15.2
 + tqdm==4.65.0
 + traitlets==5.14.3
 + triton==2.0.0
 + typer-slim==0.20.0
 + typing-extensions==4.15.0
 + tzdata==2025.2
 + urllib3==2.5.0
 + uvicorn==0.38.0
 + wcwidth==0.2.14
 + websocket-client==1.9.0
 + websockets==11.0.3
 + werkzeug==3.1.4
 + wheel==0.45.1
 + xmod==1.8.1
 + yarl==1.22.0
/scratch/pbm52/emotion-detection-mm/multimodal-emotion-detection/.venv/bin/python3: can't open file '/scratch/pbm52/emotion-detection-mm/multimodal-emotion-detection/mutlimodal-variant/src/train.py': [Errno 2] No such file or directory
