Resolved 157 packages in 3ms
Audited 148 packages in 879ms
/scache/scratch/pbm52/emotion-detection-mm/multimodal-emotion-detection/.venv/lib/python3.10/site-packages/lightning_fabric/__init__.py:36: UserWarning: pkg_resources is deprecated as an API. See https://setuptools.pypa.io/en/latest/pkg_resources.html. The pkg_resources package is slated for removal as early as 2025-11-30. Refrain from using this package or pin to Setuptools<81.
  __import__("pkg_resources").declare_namespace(__name__)
[rank: 0] Global seed set to 42
/scache/scratch/pbm52/emotion-detection-mm/multimodal-emotion-detection/.venv/lib/python3.10/site-packages/lightning_fabric/plugins/environments/slurm.py:165: PossibleUserWarning: The `srun` command is available on your system but is not used. HINT: If your intention is to run Lightning on SLURM, prepend your python command with `srun` like so: srun python3 src/train.py experiment.name=ravdess_audio_video_ba ...
  rank_zero_warn(
GPU available: True (cuda), used: True
TPU available: False, using: 0 TPU cores
IPU available: False, using: 0 IPUs
HPU available: False, using: 0 HPUs
/scache/scratch/pbm52/emotion-detection-mm/multimodal-emotion-detection/.venv/lib/python3.10/site-packages/lightning_fabric/plugins/environments/slurm.py:165: PossibleUserWarning: The `srun` command is available on your system but is not used. HINT: If your intention is to run Lightning on SLURM, prepend your python command with `srun` like so: srun python3 src/train.py experiment.name=ravdess_audio_video_ba ...
  rank_zero_warn(
You are using a CUDA device ('NVIDIA A100-PCIE-40GB') that has Tensor Cores. To properly utilize them, you should set `torch.set_float32_matmul_precision('medium' | 'high')` which will trade-off precision for performance. For more details, read https://pytorch.org/docs/stable/generated/torch.set_float32_matmul_precision.html#torch.set_float32_matmul_precision
Missing logger folder: outputs/ravdess_audio_video_baseline/tb_logs
/scache/scratch/pbm52/emotion-detection-mm/multimodal-emotion-detection/.venv/lib/python3.10/site-packages/pytorch_lightning/callbacks/model_checkpoint.py:615: UserWarning: Checkpoint directory outputs/ravdess_audio_video_baseline/checkpoints exists and is not empty.
  rank_zero_warn(f"Checkpoint directory {dirpath} exists and is not empty.")
LOCAL_RANK: 0 - CUDA_VISIBLE_DEVICES: [0]

  | Name         | Type             | Params
--------------------------------------------------
0 | encoders     | ModuleDict       | 1.9 M 
1 | fusion_model | EarlyFusion      | 134 K 
2 | criterion    | CrossEntropyLoss | 0     
--------------------------------------------------
2.0 M     Trainable params
0         Non-trainable params
2.0 M     Total params
8.166     Total estimated model params size (MB)
Error executing job with overrides: ['experiment.name=ravdess_audio_video_baseline', 'dataset.name=ravdess', 'dataset.data_dir=/scratch/pbm52/emotion-detection-mm/multimodal-dataset', 'dataset.modalities=[audio, video]', 'dataset.num_classes=8']
Traceback (most recent call last):
  File "/scache/scratch/pbm52/emotion-detection-mm/multimodal-emotion-detection/src/train.py", line 466, in main
    trainer.fit(model, train_loader, val_loader)
  File "/scache/scratch/pbm52/emotion-detection-mm/multimodal-emotion-detection/.venv/lib/python3.10/site-packages/pytorch_lightning/trainer/trainer.py", line 531, in fit
    call._call_and_handle_interrupt(
  File "/scache/scratch/pbm52/emotion-detection-mm/multimodal-emotion-detection/.venv/lib/python3.10/site-packages/pytorch_lightning/trainer/call.py", line 42, in _call_and_handle_interrupt
    return trainer_fn(*args, **kwargs)
  File "/scache/scratch/pbm52/emotion-detection-mm/multimodal-emotion-detection/.venv/lib/python3.10/site-packages/pytorch_lightning/trainer/trainer.py", line 570, in _fit_impl
    self._run(model, ckpt_path=ckpt_path)
  File "/scache/scratch/pbm52/emotion-detection-mm/multimodal-emotion-detection/.venv/lib/python3.10/site-packages/pytorch_lightning/trainer/trainer.py", line 975, in _run
    results = self._run_stage()
  File "/scache/scratch/pbm52/emotion-detection-mm/multimodal-emotion-detection/.venv/lib/python3.10/site-packages/pytorch_lightning/trainer/trainer.py", line 1016, in _run_stage
    self._run_sanity_check()
  File "/scache/scratch/pbm52/emotion-detection-mm/multimodal-emotion-detection/.venv/lib/python3.10/site-packages/pytorch_lightning/trainer/trainer.py", line 1045, in _run_sanity_check
    val_loop.run()
  File "/scache/scratch/pbm52/emotion-detection-mm/multimodal-emotion-detection/.venv/lib/python3.10/site-packages/pytorch_lightning/loops/utilities.py", line 177, in _decorator
    return loop_run(self, *args, **kwargs)
  File "/scache/scratch/pbm52/emotion-detection-mm/multimodal-emotion-detection/.venv/lib/python3.10/site-packages/pytorch_lightning/loops/evaluation_loop.py", line 115, in run
    self._evaluation_step(batch, batch_idx, dataloader_idx)
  File "/scache/scratch/pbm52/emotion-detection-mm/multimodal-emotion-detection/.venv/lib/python3.10/site-packages/pytorch_lightning/loops/evaluation_loop.py", line 375, in _evaluation_step
    output = call._call_strategy_hook(trainer, hook_name, *step_kwargs.values())
  File "/scache/scratch/pbm52/emotion-detection-mm/multimodal-emotion-detection/.venv/lib/python3.10/site-packages/pytorch_lightning/trainer/call.py", line 287, in _call_strategy_hook
    output = fn(*args, **kwargs)
  File "/scache/scratch/pbm52/emotion-detection-mm/multimodal-emotion-detection/.venv/lib/python3.10/site-packages/pytorch_lightning/strategies/strategy.py", line 379, in validation_step
    return self.model.validation_step(*args, **kwargs)
  File "/scache/scratch/pbm52/emotion-detection-mm/multimodal-emotion-detection/src/train.py", line 145, in validation_step
    logits = self(features, mask)
  File "/scache/scratch/pbm52/emotion-detection-mm/multimodal-emotion-detection/.venv/lib/python3.10/site-packages/torch/nn/modules/module.py", line 1501, in _call_impl
    return forward_call(*args, **kwargs)
  File "/scache/scratch/pbm52/emotion-detection-mm/multimodal-emotion-detection/src/train.py", line 97, in forward
    encoded_features[modality] = encoder(features[modality])
  File "/scache/scratch/pbm52/emotion-detection-mm/multimodal-emotion-detection/.venv/lib/python3.10/site-packages/torch/nn/modules/module.py", line 1501, in _call_impl
    return forward_call(*args, **kwargs)
  File "/scache/scratch/pbm52/emotion-detection-mm/multimodal-emotion-detection/src/encoders.py", line 272, in forward
    x = self.frame_mlp(frames)  # (B, T, H)
  File "/scache/scratch/pbm52/emotion-detection-mm/multimodal-emotion-detection/.venv/lib/python3.10/site-packages/torch/nn/modules/module.py", line 1501, in _call_impl
    return forward_call(*args, **kwargs)
  File "/scache/scratch/pbm52/emotion-detection-mm/multimodal-emotion-detection/.venv/lib/python3.10/site-packages/torch/nn/modules/container.py", line 217, in forward
    input = module(input)
  File "/scache/scratch/pbm52/emotion-detection-mm/multimodal-emotion-detection/.venv/lib/python3.10/site-packages/torch/nn/modules/module.py", line 1501, in _call_impl
    return forward_call(*args, **kwargs)
  File "/scache/scratch/pbm52/emotion-detection-mm/multimodal-emotion-detection/.venv/lib/python3.10/site-packages/torch/nn/modules/linear.py", line 114, in forward
    return F.linear(input, self.weight, self.bias)
RuntimeError: mat1 and mat2 shapes cannot be multiplied (512x1024 and 4096x256)

Set the environment variable HYDRA_FULL_ERROR=1 for a complete stack trace.
