Resolved 157 packages in 8ms
   Building multimodal-emotion-detection @ file:///scache/scratch/pbm52/emotion-detection-mm/multimodal-emotion-detection
      Built multimodal-emotion-detection @ file:///scache/scratch/pbm52/emotion-detection-mm/multimodal-emotion-detection
Prepared 1 package in 31.95s
Uninstalled 1 package in 120ms
warning: Failed to hardlink files; falling back to full copy. This may lead to degraded performance.
         If the cache and target directories are on different filesystems, hardlinking may not be supported.
         If this is intentional, set `export UV_LINK_MODE=copy` or use `--link-mode=copy` to suppress this warning.
Installed 1 package in 24ms
 - multimodal-emotion-detection==0.1.0 (from file:///scratch/pbm52/emotion-detection-mm/multimodal-emotion-detection)
 + multimodal-emotion-detection==0.1.0 (from file:///scache/scratch/pbm52/emotion-detection-mm/multimodal-emotion-detection)
/scache/scratch/pbm52/emotion-detection-mm/multimodal-emotion-detection/.venv/lib/python3.10/site-packages/lightning_fabric/__init__.py:36: UserWarning: pkg_resources is deprecated as an API. See https://setuptools.pypa.io/en/latest/pkg_resources.html. The pkg_resources package is slated for removal as early as 2025-11-30. Refrain from using this package or pin to Setuptools<81.
  __import__("pkg_resources").declare_namespace(__name__)
[rank: 0] Global seed set to 42
Error executing job with overrides: ['experiment.name=ravdess_audio_video_baseline', 'dataset.name=ravdess', 'dataset.data_dir=/scratch/pbm52/emotion-detection/multimodal-dataset', 'dataset.modalities=[audio, video]', 'dataset.num_classes=8']
Traceback (most recent call last):
  File "/scache/scratch/pbm52/emotion-detection-mm/multimodal-emotion-detection/src/train.py", line 399, in main
    train_loader, val_loader, test_loader = create_dataloaders(
  File "/scache/scratch/pbm52/emotion-detection-mm/multimodal-emotion-detection/src/data.py", line 260, in create_dataloaders
    train_dataset = MultimodalDataset(
  File "/scache/scratch/pbm52/emotion-detection-mm/multimodal-emotion-detection/src/data.py", line 49, in __init__
    self.data, self.labels = self._load_data()
  File "/scache/scratch/pbm52/emotion-detection-mm/multimodal-emotion-detection/src/data.py", line 75, in _load_data
    raise FileNotFoundError(f"Modality file not found: {modality_file}")
FileNotFoundError: Modality file not found: /scratch/pbm52/emotion-detection/multimodal-dataset/train/audio.npy

Set the environment variable HYDRA_FULL_ERROR=1 for a complete stack trace.
